0 info it worked if it ends with ok
1 verbose cli [ '/usr/local/bin/node', '/usr/local/bin/npm', 'owner', 'ls' ]
2 info using npm@3.8.6
3 info using node@v6.0.0
4 silly mapToRegistry name reactsir
5 silly mapToRegistry using default registry
6 silly mapToRegistry registry https://registry.npmjs.org/
7 silly mapToRegistry data Result {
7 silly mapToRegistry   raw: 'reactsir',
7 silly mapToRegistry   scope: null,
7 silly mapToRegistry   name: 'reactsir',
7 silly mapToRegistry   rawSpec: '',
7 silly mapToRegistry   spec: 'latest',
7 silly mapToRegistry   type: 'tag' }
8 silly mapToRegistry uri https://registry.npmjs.org/reactsir
9 verbose request uri https://registry.npmjs.org/reactsir
10 verbose request no auth needed
11 info attempt registry request try #1 at 10:24:18 PM
12 verbose request using bearer token for auth
13 verbose request id 7e7df6099735a615
14 http request GET https://registry.npmjs.org/reactsir
15 http 404 https://registry.npmjs.org/reactsir
16 verbose headers { 'content-type': 'application/json',
16 verbose headers   'cache-control': 'max-age=0',
16 verbose headers   'content-length': '2',
16 verbose headers   'accept-ranges': 'bytes',
16 verbose headers   date: 'Wed, 12 Oct 2016 02:24:20 GMT',
16 verbose headers   via: '1.1 varnish',
16 verbose headers   connection: 'keep-alive',
16 verbose headers   'x-served-by': 'cache-iad2631-IAD',
16 verbose headers   'x-cache': 'MISS',
16 verbose headers   'x-cache-hits': '0',
16 verbose headers   'x-timer': 'S1476239059.738291,VS0,VE595',
16 verbose headers   vary: 'Accept-Encoding' }
17 silly get cb [ 404,
17 silly get   { 'content-type': 'application/json',
17 silly get     'cache-control': 'max-age=0',
17 silly get     'content-length': '2',
17 silly get     'accept-ranges': 'bytes',
17 silly get     date: 'Wed, 12 Oct 2016 02:24:20 GMT',
17 silly get     via: '1.1 varnish',
17 silly get     connection: 'keep-alive',
17 silly get     'x-served-by': 'cache-iad2631-IAD',
17 silly get     'x-cache': 'MISS',
17 silly get     'x-cache-hits': '0',
17 silly get     'x-timer': 'S1476239059.738291,VS0,VE595',
17 silly get     vary: 'Accept-Encoding' } ]
18 error owner ls Couldn't get owner data reactsir
19 verbose stack Error: Registry returned 404 for GET on https://registry.npmjs.org/reactsir
19 verbose stack     at makeError (/usr/local/lib/node_modules/npm/node_modules/npm-registry-client/lib/request.js:264:12)
19 verbose stack     at CachingRegistryClient.<anonymous> (/usr/local/lib/node_modules/npm/node_modules/npm-registry-client/lib/request.js:242:14)
19 verbose stack     at Request._callback (/usr/local/lib/node_modules/npm/node_modules/npm-registry-client/lib/request.js:172:14)
19 verbose stack     at Request.self.callback (/usr/local/lib/node_modules/npm/node_modules/request/request.js:199:22)
19 verbose stack     at emitTwo (events.js:106:13)
19 verbose stack     at Request.emit (events.js:191:7)
19 verbose stack     at Request.<anonymous> (/usr/local/lib/node_modules/npm/node_modules/request/request.js:1036:10)
19 verbose stack     at emitOne (events.js:101:20)
19 verbose stack     at Request.emit (events.js:188:7)
19 verbose stack     at IncomingMessage.<anonymous> (/usr/local/lib/node_modules/npm/node_modules/request/request.js:963:12)
20 verbose statusCode 404
21 verbose pkgid reactsir
22 verbose cwd /Users/kristopherguzman/Dropbox/NodeProjects/ReactfulJS
23 error Darwin 15.6.0
24 error argv "/usr/local/bin/node" "/usr/local/bin/npm" "owner" "ls"
25 error node v6.0.0
26 error npm  v3.8.6
27 error code E404
28 error 404 Registry returned 404 for GET on https://registry.npmjs.org/reactsir
29 error 404
30 error 404 'reactsir' is not in the npm registry.
31 error 404 You should bug the author to publish it (or use the name yourself!)
32 error 404 Note that you can also install from a
33 error 404 tarball, folder, http url, or git url.
34 verbose exit [ 1, true ]
